digraph Tree {
node [shape=box, style="filled, rounded", color="black", fontname=helvetica] ;
edge [fontname=helvetica] ;
0 [label=<Status of existing checking account &le; 2.5<br/>gini = 0.42<br/>samples = 1000<br/>value = [700, 300]<br/>class = Good>, fillcolor="#e5813992"] ;
1 [label=<Duration in month &le; 22.5<br/>gini = 0.4933<br/>samples = 543<br/>value = [303, 240]<br/>class = Good>, fillcolor="#e5813935"] ;
0 -> 1 [labeldistance=2.5, labelangle=45, headlabel="True"] ;
2 [label=<Credit history &le; 1.5<br/>gini = 0.4528<br/>samples = 306<br/>value = [200, 106]<br/>class = Good>, fillcolor="#e5813978"] ;
1 -> 2 ;
3 [label=<Other installment plans &le; 1.5<br/>gini = 0.375<br/>samples = 28<br/>value = [7, 21]<br/>class = Bad>, fillcolor="#399de5aa"] ;
2 -> 3 ;
4 [label=<Other debtors / guarantors &le; 23.5<br/>gini = 0.1884<br/>samples = 19<br/>value = [2, 17]<br/>class = Bad>, fillcolor="#399de5e1"] ;
3 -> 4 ;
5 [label=<gini = 0.0<br/>samples = 1<br/>value = [1, 0]<br/>class = Good>, fillcolor="#e58139ff"] ;
4 -> 5 ;
6 [label=<Credit amount &le; 3.5<br/>gini = 0.1049<br/>samples = 18<br/>value = [1, 17]<br/>class = Bad>, fillcolor="#399de5f0"] ;
4 -> 6 ;
7 [label=<gini = 0.0<br/>samples = 1<br/>value = [1, 0]<br/>class = Good>, fillcolor="#e58139ff"] ;
6 -> 7 ;
8 [label=<gini = 0.0<br/>samples = 17<br/>value = [0, 17]<br/>class = Bad>, fillcolor="#399de5ff"] ;
6 -> 8 ;
9 [label=<Duration in month &le; 16.5<br/>gini = 0.4938<br/>samples = 9<br/>value = [5, 4]<br/>class = Good>, fillcolor="#e5813933"] ;
3 -> 9 ;
10 [label=<___ &le; 0.5<br/>gini = 0.32<br/>samples = 5<br/>value = [1, 4]<br/>class = Bad>, fillcolor="#399de5bf"] ;
9 -> 10 ;
11 [label=<gini = 0.0<br/>samples = 4<br/>value = [0, 4]<br/>class = Bad>, fillcolor="#399de5ff"] ;
10 -> 11 ;
12 [label=<gini = 0.0<br/>samples = 1<br/>value = [1, 0]<br/>class = Good>, fillcolor="#e58139ff"] ;
10 -> 12 ;
13 [label=<gini = 0.0<br/>samples = 4<br/>value = [4, 0]<br/>class = Good>, fillcolor="#e58139ff"] ;
9 -> 13 ;
14 [label=<Credit amount &le; 87.5<br/>gini = 0.4245<br/>samples = 278<br/>value = [193, 85]<br/>class = Good>, fillcolor="#e581398f"] ;
2 -> 14 ;
15 [label=<Duration in month &le; 11.5<br/>gini = 0.4165<br/>samples = 274<br/>value = [193, 81]<br/>class = Good>, fillcolor="#e5813994"] ;
14 -> 15 ;
16 [label=<Other debtors / guarantors &le; 34.5<br/>gini = 0.2604<br/>samples = 78<br/>value = [66, 12]<br/>class = Good>, fillcolor="#e58139d1"] ;
15 -> 16 ;
17 [label=<Personal status and sex &le; 1.5<br/>gini = 0.4152<br/>samples = 34<br/>value = [24, 10]<br/>class = Good>, fillcolor="#e5813995"] ;
16 -> 17 ;
18 [label=<Other debtors / guarantors &le; 24.5<br/>gini = 0.1172<br/>samples = 16<br/>value = [15, 1]<br/>class = Good>, fillcolor="#e58139ee"] ;
17 -> 18 ;
19 [label=<Duration in month &le; 8.5<br/>gini = 0.375<br/>samples = 4<br/>value = [3, 1]<br/>class = Good>, fillcolor="#e58139aa"] ;
18 -> 19 ;
20 [label=<gini = 0.0<br/>samples = 1<br/>value = [0, 1]<br/>class = Bad>, fillcolor="#399de5ff"] ;
19 -> 20 ;
21 [label=<gini = 0.0<br/>samples = 3<br/>value = [3, 0]<br/>class = Good>, fillcolor="#e58139ff"] ;
19 -> 21 ;
22 [label=<gini = 0.0<br/>samples = 12<br/>value = [12, 0]<br/>class = Good>, fillcolor="#e58139ff"] ;
18 -> 22 ;
23 [label=<Duration in month &le; 7.5<br/>gini = 0.5<br/>samples = 18<br/>value = [9, 9]<br/>class = Good>, fillcolor="#e5813900"] ;
17 -> 23 ;
24 [label=<Credit amount &le; 4.5<br/>gini = 0.2449<br/>samples = 7<br/>value = [6, 1]<br/>class = Good>, fillcolor="#e58139d4"] ;
23 -> 24 ;
25 [label=<gini = 0.0<br/>samples = 1<br/>value = [0, 1]<br/>class = Bad>, fillcolor="#399de5ff"] ;
24 -> 25 ;
26 [label=<gini = 0.0<br/>samples = 6<br/>value = [6, 0]<br/>class = Good>, fillcolor="#e58139ff"] ;
24 -> 26 ;
27 [label=<___ &le; 0.5<br/>gini = 0.3967<br/>samples = 11<br/>value = [3, 8]<br/>class = Bad>, fillcolor="#399de59f"] ;
23 -> 27 ;
28 [label=<Purpose &le; 4.5<br/>gini = 0.2188<br/>samples = 8<br/>value = [1, 7]<br/>class = Bad>, fillcolor="#399de5db"] ;
27 -> 28 ;
29 [label=<gini = 0.0<br/>samples = 7<br/>value = [0, 7]<br/>class = Bad>, fillcolor="#399de5ff"] ;
28 -> 29 ;
30 [label=<gini = 0.0<br/>samples = 1<br/>value = [1, 0]<br/>class = Good>, fillcolor="#e58139ff"] ;
28 -> 30 ;
31 [label=<Number of existing credits at this bank &le; 0.5<br/>gini = 0.4444<br/>samples = 3<br/>value = [2, 1]<br/>class = Good>, fillcolor="#e581397f"] ;
27 -> 31 ;
32 [label=<gini = 0.0<br/>samples = 2<br/>value = [2, 0]<br/>class = Good>, fillcolor="#e58139ff"] ;
31 -> 32 ;
33 [label=<gini = 0.0<br/>samples = 1<br/>value = [0, 1]<br/>class = Bad>, fillcolor="#399de5ff"] ;
31 -> 33 ;
34 [label=<Present employment since &le; 1.5<br/>gini = 0.0868<br/>samples = 44<br/>value = [42, 2]<br/>class = Good>, fillcolor="#e58139f3"] ;
16 -> 34 ;
35 [label=<gini = 0.0<br/>samples = 1<br/>value = [0, 1]<br/>class = Bad>, fillcolor="#399de5ff"] ;
34 -> 35 ;
36 [label=<Savings account/bonds &le; 1.5<br/>gini = 0.0454<br/>samples = 43<br/>value = [42, 1]<br/>class = Good>, fillcolor="#e58139f9"] ;
34 -> 36 ;
37 [label=<Credit amount &le; 13.0<br/>gini = 0.32<br/>samples = 5<br/>value = [4, 1]<br/>class = Good>, fillcolor="#e58139bf"] ;
36 -> 37 ;
38 [label=<Present residence since &le; 2.5<br/>gini = 0.5<br/>samples = 2<br/>value = [1, 1]<br/>class = Good>, fillcolor="#e5813900"] ;
37 -> 38 ;
39 [label=<gini = 0.0<br/>samples = 1<br/>value = [1, 0]<br/>class = Good>, fillcolor="#e58139ff"] ;
38 -> 39 ;
40 [label=<gini = 0.0<br/>samples = 1<br/>value = [0, 1]<br/>class = Bad>, fillcolor="#399de5ff"] ;
38 -> 40 ;
41 [label=<gini = 0.0<br/>samples = 3<br/>value = [3, 0]<br/>class = Good>, fillcolor="#e58139ff"] ;
37 -> 41 ;
42 [label=<gini = 0.0<br/>samples = 38<br/>value = [38, 0]<br/>class = Good>, fillcolor="#e58139ff"] ;
36 -> 42 ;
43 [label=<Credit amount &le; 13.5<br/>gini = 0.4562<br/>samples = 196<br/>value = [127, 69]<br/>class = Good>, fillcolor="#e5813974"] ;
15 -> 43 ;
44 [label=<Personal status and sex &le; 2.5<br/>gini = 0.5<br/>samples = 72<br/>value = [36, 36]<br/>class = Good>, fillcolor="#e5813900"] ;
43 -> 44 ;
45 [label=<Number of people being liable to provide maintenance for &le; 0.5<br/>gini = 0.4608<br/>samples = 50<br/>value = [32, 18]<br/>class = Good>, fillcolor="#e5813970"] ;
44 -> 45 ;
46 [label=<Number of existing credits at this bank &le; 0.5<br/>gini = 0.1528<br/>samples = 12<br/>value = [11, 1]<br/>class = Good>, fillcolor="#e58139e8"] ;
45 -> 46 ;
47 [label=<gini = 0.0<br/>samples = 11<br/>value = [11, 0]<br/>class = Good>, fillcolor="#e58139ff"] ;
46 -> 47 ;
48 [label=<gini = 0.0<br/>samples = 1<br/>value = [0, 1]<br/>class = Bad>, fillcolor="#399de5ff"] ;
46 -> 48 ;
49 [label=<Credit history &le; 2.5<br/>gini = 0.4945<br/>samples = 38<br/>value = [21, 17]<br/>class = Good>, fillcolor="#e5813931"] ;
45 -> 49 ;
50 [label=<Purpose &le; 3.5<br/>gini = 0.4978<br/>samples = 30<br/>value = [14, 16]<br/>class = Bad>, fillcolor="#399de520"] ;
49 -> 50 ;
51 [label=<Other debtors / guarantors &le; 43.0<br/>gini = 0.4537<br/>samples = 23<br/>value = [8, 15]<br/>class = Bad>, fillcolor="#399de577"] ;
50 -> 51 ;
52 [label=<Installment rate in percentage of disposable income &le; 1.5<br/>gini = 0.4938<br/>samples = 18<br/>value = [8, 10]<br/>class = Bad>, fillcolor="#399de533"] ;
51 -> 52 ;
53 [label=<gini = 0.0<br/>samples = 3<br/>value = [0, 3]<br/>class = Bad>, fillcolor="#399de5ff"] ;
52 -> 53 ;
54 [label=<____ &le; 0.5<br/>gini = 0.4978<br/>samples = 15<br/>value = [8, 7]<br/>class = Good>, fillcolor="#e5813920"] ;
52 -> 54 ;
55 [label=<Number of existing credits at this bank &le; 0.5<br/>gini = 0.375<br/>samples = 8<br/>value = [6, 2]<br/>class = Good>, fillcolor="#e58139aa"] ;
54 -> 55 ;
56 [label=<gini = 0.0<br/>samples = 5<br/>value = [5, 0]<br/>class = Good>, fillcolor="#e58139ff"] ;
55 -> 56 ;
57 [label=<Other debtors / guarantors &le; 25.5<br/>gini = 0.4444<br/>samples = 3<br/>value = [1, 2]<br/>class = Bad>, fillcolor="#399de57f"] ;
55 -> 57 ;
58 [label=<gini = 0.0<br/>samples = 2<br/>value = [0, 2]<br/>class = Bad>, fillcolor="#399de5ff"] ;
57 -> 58 ;
59 [label=<gini = 0.0<br/>samples = 1<br/>value = [1, 0]<br/>class = Good>, fillcolor="#e58139ff"] ;
57 -> 59 ;
60 [label=<Housing &le; 1.5<br/>gini = 0.4082<br/>samples = 7<br/>value = [2, 5]<br/>class = Bad>, fillcolor="#399de599"] ;
54 -> 60 ;
61 [label=<Savings account/bonds &le; 4.5<br/>gini = 0.2778<br/>samples = 6<br/>value = [1, 5]<br/>class = Bad>, fillcolor="#399de5cc"] ;
60 -> 61 ;
62 [label=<gini = 0.0<br/>samples = 4<br/>value = [0, 4]<br/>class = Bad>, fillcolor="#399de5ff"] ;
61 -> 62 ;
63 [label=<Other debtors / guarantors &le; 31.5<br/>gini = 0.5<br/>samples = 2<br/>value = [1, 1]<br/>class = Good>, fillcolor="#e5813900"] ;
61 -> 63 ;
64 [label=<gini = 0.0<br/>samples = 1<br/>value = [1, 0]<br/>class = Good>, fillcolor="#e58139ff"] ;
63 -> 64 ;
65 [label=<gini = 0.0<br/>samples = 1<br/>value = [0, 1]<br/>class = Bad>, fillcolor="#399de5ff"] ;
63 -> 65 ;
66 [label=<gini = 0.0<br/>samples = 1<br/>value = [1, 0]<br/>class = Good>, fillcolor="#e58139ff"] ;
60 -> 66 ;
67 [label=<gini = 0.0<br/>samples = 5<br/>value = [0, 5]<br/>class = Bad>, fillcolor="#399de5ff"] ;
51 -> 67 ;
68 [label=<Duration in month &le; 15.0<br/>gini = 0.2449<br/>samples = 7<br/>value = [6, 1]<br/>class = Good>, fillcolor="#e58139d4"] ;
50 -> 68 ;
69 [label=<gini = 0.0<br/>samples = 6<br/>value = [6, 0]<br/>class = Good>, fillcolor="#e58139ff"] ;
68 -> 69 ;
70 [label=<gini = 0.0<br/>samples = 1<br/>value = [0, 1]<br/>class = Bad>, fillcolor="#399de5ff"] ;
68 -> 70 ;
71 [label=<Savings account/bonds &le; 4.5<br/>gini = 0.2188<br/>samples = 8<br/>value = [7, 1]<br/>class = Good>, fillcolor="#e58139db"] ;
49 -> 71 ;
72 [label=<gini = 0.0<br/>samples = 6<br/>value = [6, 0]<br/>class = Good>, fillcolor="#e58139ff"] ;
71 -> 72 ;
73 [label=<Duration in month &le; 16.5<br/>gini = 0.5<br/>samples = 2<br/>value = [1, 1]<br/>class = Good>, fillcolor="#e5813900"] ;
71 -> 73 ;
74 [label=<gini = 0.0<br/>samples = 1<br/>value = [0, 1]<br/>class = Bad>, fillcolor="#399de5ff"] ;
73 -> 74 ;
75 [label=<gini = 0.0<br/>samples = 1<br/>value = [1, 0]<br/>class = Good>, fillcolor="#e58139ff"] ;
73 -> 75 ;
76 [label=<Other debtors / guarantors &le; 58.0<br/>gini = 0.2975<br/>samples = 22<br/>value = [4, 18]<br/>class = Bad>, fillcolor="#399de5c6"] ;
44 -> 76 ;
77 [label=<Present employment since &le; 1.5<br/>gini = 0.18<br/>samples = 20<br/>value = [2, 18]<br/>class = Bad>, fillcolor="#399de5e3"] ;
76 -> 77 ;
78 [label=<gini = 0.0<br/>samples = 1<br/>value = [1, 0]<br/>class = Good>, fillcolor="#e58139ff"] ;
77 -> 78 ;
79 [label=<Property &le; 1.5<br/>gini = 0.0997<br/>samples = 19<br/>value = [1, 18]<br/>class = Bad>, fillcolor="#399de5f1"] ;
77 -> 79 ;
80 [label=<gini = 0.0<br/>samples = 16<br/>value = [0, 16]<br/>class = Bad>, fillcolor="#399de5ff"] ;
79 -> 80 ;
81 [label=<Savings account/bonds &le; 3.5<br/>gini = 0.4444<br/>samples = 3<br/>value = [1, 2]<br/>class = Bad>, fillcolor="#399de57f"] ;
79 -> 81 ;
82 [label=<gini = 0.0<br/>samples = 2<br/>value = [0, 2]<br/>class = Bad>, fillcolor="#399de5ff"] ;
81 -> 82 ;
83 [label=<gini = 0.0<br/>samples = 1<br/>value = [1, 0]<br/>class = Good>, fillcolor="#e58139ff"] ;
81 -> 83 ;
84 [label=<gini = 0.0<br/>samples = 2<br/>value = [2, 0]<br/>class = Good>, fillcolor="#e58139ff"] ;
76 -> 84 ;
85 [label=<Other debtors / guarantors &le; 50.5<br/>gini = 0.3906<br/>samples = 124<br/>value = [91, 33]<br/>class = Good>, fillcolor="#e58139a3"] ;
43 -> 85 ;
86 [label=<Purpose &le; 1.5<br/>gini = 0.3565<br/>samples = 112<br/>value = [86, 26]<br/>class = Good>, fillcolor="#e58139b2"] ;
85 -> 86 ;
87 [label=<Status of existing checking account &le; 1.5<br/>gini = 0.4146<br/>samples = 75<br/>value = [53, 22]<br/>class = Good>, fillcolor="#e5813995"] ;
86 -> 87 ;
88 [label=<Duration in month &le; 15.5<br/>gini = 0.4726<br/>samples = 47<br/>value = [29, 18]<br/>class = Good>, fillcolor="#e5813961"] ;
87 -> 88 ;
89 [label=<Credit amount &le; 25.5<br/>gini = 0.355<br/>samples = 26<br/>value = [20, 6]<br/>class = Good>, fillcolor="#e58139b3"] ;
88 -> 89 ;
90 [label=<Present employment since &le; 1.5<br/>gini = 0.1107<br/>samples = 17<br/>value = [16, 1]<br/>class = Good>, fillcolor="#e58139ef"] ;
89 -> 90 ;
91 [label=<gini = 0.0<br/>samples = 1<br/>value = [0, 1]<br/>class = Bad>, fillcolor="#399de5ff"] ;
90 -> 91 ;
92 [label=<gini = 0.0<br/>samples = 16<br/>value = [16, 0]<br/>class = Good>, fillcolor="#e58139ff"] ;
90 -> 92 ;
93 [label=<Other installment plans &le; 1.5<br/>gini = 0.4938<br/>samples = 9<br/>value = [4, 5]<br/>class = Bad>, fillcolor="#399de533"] ;
89 -> 93 ;
94 [label=<Personal status and sex &le; 1.5<br/>gini = 0.4444<br/>samples = 6<br/>value = [4, 2]<br/>class = Good>, fillcolor="#e581397f"] ;
93 -> 94 ;
95 [label=<gini = 0.0<br/>samples = 2<br/>value = [0, 2]<br/>class = Bad>, fillcolor="#399de5ff"] ;
94 -> 95 ;
96 [label=<gini = 0.0<br/>samples = 4<br/>value = [4, 0]<br/>class = Good>, fillcolor="#e58139ff"] ;
94 -> 96 ;
97 [label=<gini = 0.0<br/>samples = 3<br/>value = [0, 3]<br/>class = Bad>, fillcolor="#399de5ff"] ;
93 -> 97 ;
98 [label=<Savings account/bonds &le; 3.5<br/>gini = 0.4898<br/>samples = 21<br/>value = [9, 12]<br/>class = Bad>, fillcolor="#399de540"] ;
88 -> 98 ;
99 [label=<Savings account/bonds &le; 2.5<br/>gini = 0.355<br/>samples = 13<br/>value = [3, 10]<br/>class = Bad>, fillcolor="#399de5b3"] ;
98 -> 99 ;
100 [label=<Present employment since &le; 2.5<br/>gini = 0.48<br/>samples = 5<br/>value = [3, 2]<br/>class = Good>, fillcolor="#e5813955"] ;
99 -> 100 ;
101 [label=<gini = 0.0<br/>samples = 3<br/>value = [3, 0]<br/>class = Good>, fillcolor="#e58139ff"] ;
100 -> 101 ;
102 [label=<gini = 0.0<br/>samples = 2<br/>value = [0, 2]<br/>class = Bad>, fillcolor="#399de5ff"] ;
100 -> 102 ;
103 [label=<gini = 0.0<br/>samples = 8<br/>value = [0, 8]<br/>class = Bad>, fillcolor="#399de5ff"] ;
99 -> 103 ;
104 [label=<Present residence since &le; 2.0<br/>gini = 0.375<br/>samples = 8<br/>value = [6, 2]<br/>class = Good>, fillcolor="#e58139aa"] ;
98 -> 104 ;
105 [label=<gini = 0.0<br/>samples = 2<br/>value = [0, 2]<br/>class = Bad>, fillcolor="#399de5ff"] ;
104 -> 105 ;
106 [label=<gini = 0.0<br/>samples = 6<br/>value = [6, 0]<br/>class = Good>, fillcolor="#e58139ff"] ;
104 -> 106 ;
107 [label=<Credit amount &le; 19.5<br/>gini = 0.2449<br/>samples = 28<br/>value = [24, 4]<br/>class = Good>, fillcolor="#e58139d4"] ;
87 -> 107 ;
108 [label=<Other installment plans &le; 1.5<br/>gini = 0.4898<br/>samples = 7<br/>value = [4, 3]<br/>class = Good>, fillcolor="#e5813940"] ;
107 -> 108 ;
109 [label=<Installment rate in percentage of disposable income &le; 2.5<br/>gini = 0.375<br/>samples = 4<br/>value = [1, 3]<br/>class = Bad>, fillcolor="#399de5aa"] ;
108 -> 109 ;
110 [label=<gini = 0.0<br/>samples = 3<br/>value = [0, 3]<br/>class = Bad>, fillcolor="#399de5ff"] ;
109 -> 110 ;
111 [label=<gini = 0.0<br/>samples = 1<br/>value = [1, 0]<br/>class = Good>, fillcolor="#e58139ff"] ;
109 -> 111 ;
112 [label=<gini = 0.0<br/>samples = 3<br/>value = [3, 0]<br/>class = Good>, fillcolor="#e58139ff"] ;
108 -> 112 ;
113 [label=<Personal status and sex &le; 3.5<br/>gini = 0.0907<br/>samples = 21<br/>value = [20, 1]<br/>class = Good>, fillcolor="#e58139f2"] ;
107 -> 113 ;
114 [label=<gini = 0.0<br/>samples = 19<br/>value = [19, 0]<br/>class = Good>, fillcolor="#e58139ff"] ;
113 -> 114 ;
115 [label=<Credit history &le; 3.5<br/>gini = 0.5<br/>samples = 2<br/>value = [1, 1]<br/>class = Good>, fillcolor="#e5813900"] ;
113 -> 115 ;
116 [label=<gini = 0.0<br/>samples = 1<br/>value = [0, 1]<br/>class = Bad>, fillcolor="#399de5ff"] ;
115 -> 116 ;
117 [label=<gini = 0.0<br/>samples = 1<br/>value = [1, 0]<br/>class = Good>, fillcolor="#e58139ff"] ;
115 -> 117 ;
118 [label=<Present employment since &le; 2.5<br/>gini = 0.1928<br/>samples = 37<br/>value = [33, 4]<br/>class = Good>, fillcolor="#e58139e0"] ;
86 -> 118 ;
119 [label=<____ &le; 0.5<br/>gini = 0.4688<br/>samples = 8<br/>value = [5, 3]<br/>class = Good>, fillcolor="#e5813966"] ;
118 -> 119 ;
120 [label=<gini = 0.0<br/>samples = 3<br/>value = [3, 0]<br/>class = Good>, fillcolor="#e58139ff"] ;
119 -> 120 ;
121 [label=<Credit amount &le; 31.0<br/>gini = 0.48<br/>samples = 5<br/>value = [2, 3]<br/>class = Bad>, fillcolor="#399de555"] ;
119 -> 121 ;
122 [label=<gini = 0.0<br/>samples = 3<br/>value = [0, 3]<br/>class = Bad>, fillcolor="#399de5ff"] ;
121 -> 122 ;
123 [label=<gini = 0.0<br/>samples = 2<br/>value = [2, 0]<br/>class = Good>, fillcolor="#e58139ff"] ;
121 -> 123 ;
124 [label=<Installment rate in percentage of disposable income &le; 1.5<br/>gini = 0.0666<br/>samples = 29<br/>value = [28, 1]<br/>class = Good>, fillcolor="#e58139f6"] ;
118 -> 124 ;
125 [label=<Other installment plans &le; 1.5<br/>gini = 0.375<br/>samples = 4<br/>value = [3, 1]<br/>class = Good>, fillcolor="#e58139aa"] ;
124 -> 125 ;
126 [label=<gini = 0.0<br/>samples = 3<br/>value = [3, 0]<br/>class = Good>, fillcolor="#e58139ff"] ;
125 -> 126 ;
127 [label=<gini = 0.0<br/>samples = 1<br/>value = [0, 1]<br/>class = Bad>, fillcolor="#399de5ff"] ;
125 -> 127 ;
128 [label=<gini = 0.0<br/>samples = 25<br/>value = [25, 0]<br/>class = Good>, fillcolor="#e58139ff"] ;
124 -> 128 ;
129 [label=<Personal status and sex &le; 1.5<br/>gini = 0.4861<br/>samples = 12<br/>value = [5, 7]<br/>class = Bad>, fillcolor="#399de549"] ;
85 -> 129 ;
130 [label=<gini = 0.0<br/>samples = 2<br/>value = [2, 0]<br/>class = Good>, fillcolor="#e58139ff"] ;
129 -> 130 ;
131 [label=<Other debtors / guarantors &le; 65.5<br/>gini = 0.42<br/>samples = 10<br/>value = [3, 7]<br/>class = Bad>, fillcolor="#399de592"] ;
129 -> 131 ;
132 [label=<Present employment since &le; 2.5<br/>gini = 0.2188<br/>samples = 8<br/>value = [1, 7]<br/>class = Bad>, fillcolor="#399de5db"] ;
131 -> 132 ;
133 [label=<foreign worker &le; 0.5<br/>gini = 0.5<br/>samples = 2<br/>value = [1, 1]<br/>class = Good>, fillcolor="#e5813900"] ;
132 -> 133 ;
134 [label=<gini = 0.0<br/>samples = 1<br/>value = [1, 0]<br/>class = Good>, fillcolor="#e58139ff"] ;
133 -> 134 ;
135 [label=<gini = 0.0<br/>samples = 1<br/>value = [0, 1]<br/>class = Bad>, fillcolor="#399de5ff"] ;
133 -> 135 ;
136 [label=<gini = 0.0<br/>samples = 6<br/>value = [0, 6]<br/>class = Bad>, fillcolor="#399de5ff"] ;
132 -> 136 ;
137 [label=<gini = 0.0<br/>samples = 2<br/>value = [2, 0]<br/>class = Good>, fillcolor="#e58139ff"] ;
131 -> 137 ;
138 [label=<gini = 0.0<br/>samples = 4<br/>value = [0, 4]<br/>class = Bad>, fillcolor="#399de5ff"] ;
14 -> 138 ;
139 [label=<Purpose &le; 3.5<br/>gini = 0.4914<br/>samples = 237<br/>value = [103, 134]<br/>class = Bad>, fillcolor="#399de53b"] ;
1 -> 139 ;
140 [label=<Duration in month &le; 47.5<br/>gini = 0.47<br/>samples = 196<br/>value = [74, 122]<br/>class = Bad>, fillcolor="#399de564"] ;
139 -> 140 ;
141 [label=<Job &le; 0.5<br/>gini = 0.4905<br/>samples = 160<br/>value = [69, 91]<br/>class = Bad>, fillcolor="#399de53e"] ;
140 -> 141 ;
142 [label=<Credit amount &le; 22.5<br/>gini = 0.471<br/>samples = 137<br/>value = [52, 85]<br/>class = Bad>, fillcolor="#399de563"] ;
141 -> 142 ;
143 [label=<Savings account/bonds &le; 3.5<br/>gini = 0.3599<br/>samples = 34<br/>value = [8, 26]<br/>class = Bad>, fillcolor="#399de5b1"] ;
142 -> 143 ;
144 [label=<Installment rate in percentage of disposable income &le; 1.5<br/>gini = 0.18<br/>samples = 20<br/>value = [2, 18]<br/>class = Bad>, fillcolor="#399de5e3"] ;
143 -> 144 ;
145 [label=<Credit amount &le; 18.5<br/>gini = 0.4444<br/>samples = 3<br/>value = [2, 1]<br/>class = Good>, fillcolor="#e581397f"] ;
144 -> 145 ;
146 [label=<gini = 0.0<br/>samples = 2<br/>value = [2, 0]<br/>class = Good>, fillcolor="#e58139ff"] ;
145 -> 146 ;
147 [label=<gini = 0.0<br/>samples = 1<br/>value = [0, 1]<br/>class = Bad>, fillcolor="#399de5ff"] ;
145 -> 147 ;
148 [label=<gini = 0.0<br/>samples = 17<br/>value = [0, 17]<br/>class = Bad>, fillcolor="#399de5ff"] ;
144 -> 148 ;
149 [label=<Personal status and sex &le; 2.5<br/>gini = 0.4898<br/>samples = 14<br/>value = [6, 8]<br/>class = Bad>, fillcolor="#399de540"] ;
143 -> 149 ;
150 [label=<Credit amount &le; 18.5<br/>gini = 0.32<br/>samples = 5<br/>value = [4, 1]<br/>class = Good>, fillcolor="#e58139bf"] ;
149 -> 150 ;
151 [label=<gini = 0.0<br/>samples = 4<br/>value = [4, 0]<br/>class = Good>, fillcolor="#e58139ff"] ;
150 -> 151 ;
152 [label=<gini = 0.0<br/>samples = 1<br/>value = [0, 1]<br/>class = Bad>, fillcolor="#399de5ff"] ;
150 -> 152 ;
153 [label=<Other debtors / guarantors &le; 21.5<br/>gini = 0.3457<br/>samples = 9<br/>value = [2, 7]<br/>class = Bad>, fillcolor="#399de5b6"] ;
149 -> 153 ;
154 [label=<gini = 0.0<br/>samples = 1<br/>value = [1, 0]<br/>class = Good>, fillcolor="#e58139ff"] ;
153 -> 154 ;
155 [label=<Present employment since &le; 2.5<br/>gini = 0.2188<br/>samples = 8<br/>value = [1, 7]<br/>class = Bad>, fillcolor="#399de5db"] ;
153 -> 155 ;
156 [label=<Other debtors / guarantors &le; 44.5<br/>gini = 0.4444<br/>samples = 3<br/>value = [1, 2]<br/>class = Bad>, fillcolor="#399de57f"] ;
155 -> 156 ;
157 [label=<gini = 0.0<br/>samples = 2<br/>value = [0, 2]<br/>class = Bad>, fillcolor="#399de5ff"] ;
156 -> 157 ;
158 [label=<gini = 0.0<br/>samples = 1<br/>value = [1, 0]<br/>class = Good>, fillcolor="#e58139ff"] ;
156 -> 158 ;
159 [label=<gini = 0.0<br/>samples = 5<br/>value = [0, 5]<br/>class = Bad>, fillcolor="#399de5ff"] ;
155 -> 159 ;
160 [label=<Credit amount &le; 40.5<br/>gini = 0.4894<br/>samples = 103<br/>value = [44, 59]<br/>class = Bad>, fillcolor="#399de541"] ;
142 -> 160 ;
161 [label=<Present residence since &le; 2.5<br/>gini = 0.4998<br/>samples = 55<br/>value = [28, 27]<br/>class = Good>, fillcolor="#e5813909"] ;
160 -> 161 ;
162 [label=<Duration in month &le; 33.0<br/>gini = 0.355<br/>samples = 13<br/>value = [10, 3]<br/>class = Good>, fillcolor="#e58139b3"] ;
161 -> 162 ;
163 [label=<Credit amount &le; 35.5<br/>gini = 0.18<br/>samples = 10<br/>value = [9, 1]<br/>class = Good>, fillcolor="#e58139e3"] ;
162 -> 163 ;
164 [label=<gini = 0.0<br/>samples = 8<br/>value = [8, 0]<br/>class = Good>, fillcolor="#e58139ff"] ;
163 -> 164 ;
165 [label=<Installment rate in percentage of disposable income &le; 3.0<br/>gini = 0.5<br/>samples = 2<br/>value = [1, 1]<br/>class = Good>, fillcolor="#e5813900"] ;
163 -> 165 ;
166 [label=<gini = 0.0<br/>samples = 1<br/>value = [1, 0]<br/>class = Good>, fillcolor="#e58139ff"] ;
165 -> 166 ;
167 [label=<gini = 0.0<br/>samples = 1<br/>value = [0, 1]<br/>class = Bad>, fillcolor="#399de5ff"] ;
165 -> 167 ;
168 [label=<Number of existing credits at this bank &le; 0.5<br/>gini = 0.4444<br/>samples = 3<br/>value = [1, 2]<br/>class = Bad>, fillcolor="#399de57f"] ;
162 -> 168 ;
169 [label=<gini = 0.0<br/>samples = 2<br/>value = [0, 2]<br/>class = Bad>, fillcolor="#399de5ff"] ;
168 -> 169 ;
170 [label=<gini = 0.0<br/>samples = 1<br/>value = [1, 0]<br/>class = Good>, fillcolor="#e58139ff"] ;
168 -> 170 ;
171 [label=<foreign worker &le; 0.5<br/>gini = 0.4898<br/>samples = 42<br/>value = [18, 24]<br/>class = Bad>, fillcolor="#399de540"] ;
161 -> 171 ;
172 [label=<___ &le; 0.5<br/>gini = 0.4994<br/>samples = 29<br/>value = [15, 14]<br/>class = Good>, fillcolor="#e5813911"] ;
171 -> 172 ;
173 [label=<Present employment since &le; 2.5<br/>gini = 0.4882<br/>samples = 26<br/>value = [15, 11]<br/>class = Good>, fillcolor="#e5813944"] ;
172 -> 173 ;
174 [label=<Duration in month &le; 31.5<br/>gini = 0.4444<br/>samples = 9<br/>value = [3, 6]<br/>class = Bad>, fillcolor="#399de57f"] ;
173 -> 174 ;
175 [label=<Credit amount &le; 24.5<br/>gini = 0.5<br/>samples = 6<br/>value = [3, 3]<br/>class = Good>, fillcolor="#e5813900"] ;
174 -> 175 ;
176 [label=<gini = 0.0<br/>samples = 2<br/>value = [0, 2]<br/>class = Bad>, fillcolor="#399de5ff"] ;
175 -> 176 ;
177 [label=<Other debtors / guarantors &le; 27.5<br/>gini = 0.375<br/>samples = 4<br/>value = [3, 1]<br/>class = Good>, fillcolor="#e58139aa"] ;
175 -> 177 ;
178 [label=<gini = 0.0<br/>samples = 1<br/>value = [0, 1]<br/>class = Bad>, fillcolor="#399de5ff"] ;
177 -> 178 ;
179 [label=<gini = 0.0<br/>samples = 3<br/>value = [3, 0]<br/>class = Good>, fillcolor="#e58139ff"] ;
177 -> 179 ;
180 [label=<gini = 0.0<br/>samples = 3<br/>value = [0, 3]<br/>class = Bad>, fillcolor="#399de5ff"] ;
174 -> 180 ;
181 [label=<Purpose &le; 2.5<br/>gini = 0.4152<br/>samples = 17<br/>value = [12, 5]<br/>class = Good>, fillcolor="#e5813995"] ;
173 -> 181 ;
182 [label=<Other debtors / guarantors &le; 33.0<br/>gini = 0.375<br/>samples = 16<br/>value = [12, 4]<br/>class = Good>, fillcolor="#e58139aa"] ;
181 -> 182 ;
183 [label=<gini = 0.0<br/>samples = 7<br/>value = [7, 0]<br/>class = Good>, fillcolor="#e58139ff"] ;
182 -> 183 ;
184 [label=<Credit history &le; 3.0<br/>gini = 0.4938<br/>samples = 9<br/>value = [5, 4]<br/>class = Good>, fillcolor="#e5813933"] ;
182 -> 184 ;
185 [label=<Number of people being liable to provide maintenance for &le; 0.5<br/>gini = 0.4444<br/>samples = 6<br/>value = [2, 4]<br/>class = Bad>, fillcolor="#399de57f"] ;
184 -> 185 ;
186 [label=<Number of existing credits at this bank &le; 0.5<br/>gini = 0.4444<br/>samples = 3<br/>value = [2, 1]<br/>class = Good>, fillcolor="#e581397f"] ;
185 -> 186 ;
187 [label=<gini = 0.0<br/>samples = 2<br/>value = [2, 0]<br/>class = Good>, fillcolor="#e58139ff"] ;
186 -> 187 ;
188 [label=<gini = 0.0<br/>samples = 1<br/>value = [0, 1]<br/>class = Bad>, fillcolor="#399de5ff"] ;
186 -> 188 ;
189 [label=<gini = 0.0<br/>samples = 3<br/>value = [0, 3]<br/>class = Bad>, fillcolor="#399de5ff"] ;
185 -> 189 ;
190 [label=<gini = 0.0<br/>samples = 3<br/>value = [3, 0]<br/>class = Good>, fillcolor="#e58139ff"] ;
184 -> 190 ;
191 [label=<gini = 0.0<br/>samples = 1<br/>value = [0, 1]<br/>class = Bad>, fillcolor="#399de5ff"] ;
181 -> 191 ;
192 [label=<gini = 0.0<br/>samples = 3<br/>value = [0, 3]<br/>class = Bad>, fillcolor="#399de5ff"] ;
172 -> 192 ;
193 [label=<__ &le; 0.5<br/>gini = 0.355<br/>samples = 13<br/>value = [3, 10]<br/>class = Bad>, fillcolor="#399de5b3"] ;
171 -> 193 ;
194 [label=<Other debtors / guarantors &le; 23.5<br/>gini = 0.2778<br/>samples = 12<br/>value = [2, 10]<br/>class = Bad>, fillcolor="#399de5cc"] ;
193 -> 194 ;
195 [label=<gini = 0.0<br/>samples = 6<br/>value = [0, 6]<br/>class = Bad>, fillcolor="#399de5ff"] ;
194 -> 195 ;
196 [label=<Other debtors / guarantors &le; 27.5<br/>gini = 0.4444<br/>samples = 6<br/>value = [2, 4]<br/>class = Bad>, fillcolor="#399de57f"] ;
194 -> 196 ;
197 [label=<gini = 0.0<br/>samples = 2<br/>value = [2, 0]<br/>class = Good>, fillcolor="#e58139ff"] ;
196 -> 197 ;
198 [label=<gini = 0.0<br/>samples = 4<br/>value = [0, 4]<br/>class = Bad>, fillcolor="#399de5ff"] ;
196 -> 198 ;
199 [label=<gini = 0.0<br/>samples = 1<br/>value = [1, 0]<br/>class = Good>, fillcolor="#e58139ff"] ;
193 -> 199 ;
200 [label=<Savings account/bonds &le; 4.5<br/>gini = 0.4444<br/>samples = 48<br/>value = [16, 32]<br/>class = Bad>, fillcolor="#399de57f"] ;
160 -> 200 ;
201 [label=<Credit amount &le; 53.5<br/>gini = 0.4673<br/>samples = 43<br/>value = [16, 27]<br/>class = Bad>, fillcolor="#399de568"] ;
200 -> 201 ;
202 [label=<Installment rate in percentage of disposable income &le; 1.5<br/>gini = 0.3324<br/>samples = 19<br/>value = [4, 15]<br/>class = Bad>, fillcolor="#399de5bb"] ;
201 -> 202 ;
203 [label=<gini = 0.0<br/>samples = 2<br/>value = [2, 0]<br/>class = Good>, fillcolor="#e58139ff"] ;
202 -> 203 ;
204 [label=<Status of existing checking account &le; 1.5<br/>gini = 0.2076<br/>samples = 17<br/>value = [2, 15]<br/>class = Bad>, fillcolor="#399de5dd"] ;
202 -> 204 ;
205 [label=<Credit amount &le; 42.5<br/>gini = 0.375<br/>samples = 8<br/>value = [2, 6]<br/>class = Bad>, fillcolor="#399de5aa"] ;
204 -> 205 ;
206 [label=<gini = 0.0<br/>samples = 1<br/>value = [1, 0]<br/>class = Good>, fillcolor="#e58139ff"] ;
205 -> 206 ;
207 [label=<Present employment since &le; 1.5<br/>gini = 0.2449<br/>samples = 7<br/>value = [1, 6]<br/>class = Bad>, fillcolor="#399de5d4"] ;
205 -> 207 ;
208 [label=<gini = 0.0<br/>samples = 1<br/>value = [1, 0]<br/>class = Good>, fillcolor="#e58139ff"] ;
207 -> 208 ;
209 [label=<gini = 0.0<br/>samples = 6<br/>value = [0, 6]<br/>class = Bad>, fillcolor="#399de5ff"] ;
207 -> 209 ;
210 [label=<gini = 0.0<br/>samples = 9<br/>value = [0, 9]<br/>class = Bad>, fillcolor="#399de5ff"] ;
204 -> 210 ;
211 [label=<Other installment plans &le; 1.5<br/>gini = 0.5<br/>samples = 24<br/>value = [12, 12]<br/>class = Good>, fillcolor="#e5813900"] ;
201 -> 211 ;
212 [label=<Other debtors / guarantors &le; 47.0<br/>gini = 0.2188<br/>samples = 8<br/>value = [7, 1]<br/>class = Good>, fillcolor="#e58139db"] ;
211 -> 212 ;
213 [label=<gini = 0.0<br/>samples = 6<br/>value = [6, 0]<br/>class = Good>, fillcolor="#e58139ff"] ;
212 -> 213 ;
214 [label=<Credit amount &le; 79.0<br/>gini = 0.5<br/>samples = 2<br/>value = [1, 1]<br/>class = Good>, fillcolor="#e5813900"] ;
212 -> 214 ;
215 [label=<gini = 0.0<br/>samples = 1<br/>value = [1, 0]<br/>class = Good>, fillcolor="#e58139ff"] ;
214 -> 215 ;
216 [label=<gini = 0.0<br/>samples = 1<br/>value = [0, 1]<br/>class = Bad>, fillcolor="#399de5ff"] ;
214 -> 216 ;
217 [label=<Savings account/bonds &le; 3.5<br/>gini = 0.4297<br/>samples = 16<br/>value = [5, 11]<br/>class = Bad>, fillcolor="#399de58b"] ;
211 -> 217 ;
218 [label=<Credit amount &le; 58.5<br/>gini = 0.2778<br/>samples = 12<br/>value = [2, 10]<br/>class = Bad>, fillcolor="#399de5cc"] ;
217 -> 218 ;
219 [label=<gini = 0.0<br/>samples = 1<br/>value = [1, 0]<br/>class = Good>, fillcolor="#e58139ff"] ;
218 -> 219 ;
220 [label=<Personal status and sex &le; 1.5<br/>gini = 0.1653<br/>samples = 11<br/>value = [1, 10]<br/>class = Bad>, fillcolor="#399de5e6"] ;
218 -> 220 ;
221 [label=<gini = 0.0<br/>samples = 1<br/>value = [1, 0]<br/>class = Good>, fillcolor="#e58139ff"] ;
220 -> 221 ;
222 [label=<gini = 0.0<br/>samples = 10<br/>value = [0, 10]<br/>class = Bad>, fillcolor="#399de5ff"] ;
220 -> 222 ;
223 [label=<Number of existing credits at this bank &le; 0.5<br/>gini = 0.375<br/>samples = 4<br/>value = [3, 1]<br/>class = Good>, fillcolor="#e58139aa"] ;
217 -> 223 ;
224 [label=<gini = 0.0<br/>samples = 3<br/>value = [3, 0]<br/>class = Good>, fillcolor="#e58139ff"] ;
223 -> 224 ;
225 [label=<gini = 0.0<br/>samples = 1<br/>value = [0, 1]<br/>class = Bad>, fillcolor="#399de5ff"] ;
223 -> 225 ;
226 [label=<gini = 0.0<br/>samples = 5<br/>value = [0, 5]<br/>class = Bad>, fillcolor="#399de5ff"] ;
200 -> 226 ;
227 [label=<Credit amount &le; 81.0<br/>gini = 0.3856<br/>samples = 23<br/>value = [17, 6]<br/>class = Good>, fillcolor="#e58139a5"] ;
141 -> 227 ;
228 [label=<Purpose &le; 2.5<br/>gini = 0.1172<br/>samples = 16<br/>value = [15, 1]<br/>class = Good>, fillcolor="#e58139ee"] ;
227 -> 228 ;
229 [label=<gini = 0.0<br/>samples = 15<br/>value = [15, 0]<br/>class = Good>, fillcolor="#e58139ff"] ;
228 -> 229 ;
230 [label=<gini = 0.0<br/>samples = 1<br/>value = [0, 1]<br/>class = Bad>, fillcolor="#399de5ff"] ;
228 -> 230 ;
231 [label=<Personal status and sex &le; 3.5<br/>gini = 0.4082<br/>samples = 7<br/>value = [2, 5]<br/>class = Bad>, fillcolor="#399de599"] ;
227 -> 231 ;
232 [label=<gini = 0.0<br/>samples = 4<br/>value = [0, 4]<br/>class = Bad>, fillcolor="#399de5ff"] ;
231 -> 232 ;
233 [label=<Duration in month &le; 27.0<br/>gini = 0.4444<br/>samples = 3<br/>value = [2, 1]<br/>class = Good>, fillcolor="#e581397f"] ;
231 -> 233 ;
234 [label=<gini = 0.0<br/>samples = 1<br/>value = [0, 1]<br/>class = Bad>, fillcolor="#399de5ff"] ;
233 -> 234 ;
235 [label=<gini = 0.0<br/>samples = 2<br/>value = [2, 0]<br/>class = Good>, fillcolor="#e58139ff"] ;
233 -> 235 ;
236 [label=<Installment rate in percentage of disposable income &le; 1.5<br/>gini = 0.2392<br/>samples = 36<br/>value = [5, 31]<br/>class = Bad>, fillcolor="#399de5d6"] ;
140 -> 236 ;
237 [label=<Credit amount &le; 72.5<br/>gini = 0.4444<br/>samples = 3<br/>value = [2, 1]<br/>class = Good>, fillcolor="#e581397f"] ;
236 -> 237 ;
238 [label=<gini = 0.0<br/>samples = 1<br/>value = [0, 1]<br/>class = Bad>, fillcolor="#399de5ff"] ;
237 -> 238 ;
239 [label=<gini = 0.0<br/>samples = 2<br/>value = [2, 0]<br/>class = Good>, fillcolor="#e58139ff"] ;
237 -> 239 ;
240 [label=<Savings account/bonds &le; 1.5<br/>gini = 0.1653<br/>samples = 33<br/>value = [3, 30]<br/>class = Bad>, fillcolor="#399de5e6"] ;
236 -> 240 ;
241 [label=<gini = 0.0<br/>samples = 1<br/>value = [1, 0]<br/>class = Good>, fillcolor="#e58139ff"] ;
240 -> 241 ;
242 [label=<Credit amount &le; 49.5<br/>gini = 0.1172<br/>samples = 32<br/>value = [2, 30]<br/>class = Bad>, fillcolor="#399de5ee"] ;
240 -> 242 ;
243 [label=<Installment rate in percentage of disposable income &le; 3.5<br/>gini = 0.375<br/>samples = 8<br/>value = [2, 6]<br/>class = Bad>, fillcolor="#399de5aa"] ;
242 -> 243 ;
244 [label=<gini = 0.0<br/>samples = 2<br/>value = [2, 0]<br/>class = Good>, fillcolor="#e58139ff"] ;
243 -> 244 ;
245 [label=<gini = 0.0<br/>samples = 6<br/>value = [0, 6]<br/>class = Bad>, fillcolor="#399de5ff"] ;
243 -> 245 ;
246 [label=<gini = 0.0<br/>samples = 24<br/>value = [0, 24]<br/>class = Bad>, fillcolor="#399de5ff"] ;
242 -> 246 ;
247 [label=<Status of existing checking account &le; 1.5<br/>gini = 0.414<br/>samples = 41<br/>value = [29, 12]<br/>class = Good>, fillcolor="#e5813995"] ;
139 -> 247 ;
248 [label=<Property &le; 1.5<br/>gini = 0.4844<br/>samples = 17<br/>value = [7, 10]<br/>class = Bad>, fillcolor="#399de54d"] ;
247 -> 248 ;
249 [label=<Job &le; 0.5<br/>gini = 0.355<br/>samples = 13<br/>value = [3, 10]<br/>class = Bad>, fillcolor="#399de5b3"] ;
248 -> 249 ;
250 [label=<Savings account/bonds &le; 2.5<br/>gini = 0.18<br/>samples = 10<br/>value = [1, 9]<br/>class = Bad>, fillcolor="#399de5e3"] ;
249 -> 250 ;
251 [label=<gini = 0.0<br/>samples = 1<br/>value = [1, 0]<br/>class = Good>, fillcolor="#e58139ff"] ;
250 -> 251 ;
252 [label=<gini = 0.0<br/>samples = 9<br/>value = [0, 9]<br/>class = Bad>, fillcolor="#399de5ff"] ;
250 -> 252 ;
253 [label=<Duration in month &le; 30.0<br/>gini = 0.4444<br/>samples = 3<br/>value = [2, 1]<br/>class = Good>, fillcolor="#e581397f"] ;
249 -> 253 ;
254 [label=<gini = 0.0<br/>samples = 2<br/>value = [2, 0]<br/>class = Good>, fillcolor="#e58139ff"] ;
253 -> 254 ;
255 [label=<gini = 0.0<br/>samples = 1<br/>value = [0, 1]<br/>class = Bad>, fillcolor="#399de5ff"] ;
253 -> 255 ;
256 [label=<gini = 0.0<br/>samples = 4<br/>value = [4, 0]<br/>class = Good>, fillcolor="#e58139ff"] ;
248 -> 256 ;
257 [label=<Credit amount &le; 123.0<br/>gini = 0.1528<br/>samples = 24<br/>value = [22, 2]<br/>class = Good>, fillcolor="#e58139e8"] ;
247 -> 257 ;
258 [label=<Telephone &le; 0.5<br/>gini = 0.0832<br/>samples = 23<br/>value = [22, 1]<br/>class = Good>, fillcolor="#e58139f3"] ;
257 -> 258 ;
259 [label=<gini = 0.0<br/>samples = 21<br/>value = [21, 0]<br/>class = Good>, fillcolor="#e58139ff"] ;
258 -> 259 ;
260 [label=<Number of existing credits at this bank &le; 0.5<br/>gini = 0.5<br/>samples = 2<br/>value = [1, 1]<br/>class = Good>, fillcolor="#e5813900"] ;
258 -> 260 ;
261 [label=<gini = 0.0<br/>samples = 1<br/>value = [0, 1]<br/>class = Bad>, fillcolor="#399de5ff"] ;
260 -> 261 ;
262 [label=<gini = 0.0<br/>samples = 1<br/>value = [1, 0]<br/>class = Good>, fillcolor="#e58139ff"] ;
260 -> 262 ;
263 [label=<gini = 0.0<br/>samples = 1<br/>value = [0, 1]<br/>class = Bad>, fillcolor="#399de5ff"] ;
257 -> 263 ;
264 [label=<Present residence since &le; 2.5<br/>gini = 0.2281<br/>samples = 457<br/>value = [397, 60]<br/>class = Good>, fillcolor="#e58139d8"] ;
0 -> 264 [labeldistance=2.5, labelangle=-45, headlabel="False"] ;
265 [label=<Other debtors / guarantors &le; 44.5<br/>gini = 0.4114<br/>samples = 76<br/>value = [54, 22]<br/>class = Good>, fillcolor="#e5813997"] ;
264 -> 265 ;
266 [label=<Other debtors / guarantors &le; 36.5<br/>gini = 0.4585<br/>samples = 59<br/>value = [38, 21]<br/>class = Good>, fillcolor="#e5813972"] ;
265 -> 266 ;
267 [label=<Property &le; 1.5<br/>gini = 0.3807<br/>samples = 43<br/>value = [32, 11]<br/>class = Good>, fillcolor="#e58139a7"] ;
266 -> 267 ;
268 [label=<Savings account/bonds &le; 1.5<br/>gini = 0.2268<br/>samples = 23<br/>value = [20, 3]<br/>class = Good>, fillcolor="#e58139d9"] ;
267 -> 268 ;
269 [label=<gini = 0.0<br/>samples = 1<br/>value = [0, 1]<br/>class = Bad>, fillcolor="#399de5ff"] ;
268 -> 269 ;
270 [label=<___ &le; 0.5<br/>gini = 0.1653<br/>samples = 22<br/>value = [20, 2]<br/>class = Good>, fillcolor="#e58139e6"] ;
268 -> 270 ;
271 [label=<gini = 0.0<br/>samples = 15<br/>value = [15, 0]<br/>class = Good>, fillcolor="#e58139ff"] ;
270 -> 271 ;
272 [label=<Duration in month &le; 13.5<br/>gini = 0.4082<br/>samples = 7<br/>value = [5, 2]<br/>class = Good>, fillcolor="#e5813999"] ;
270 -> 272 ;
273 [label=<Duration in month &le; 8.0<br/>gini = 0.4444<br/>samples = 3<br/>value = [1, 2]<br/>class = Bad>, fillcolor="#399de57f"] ;
272 -> 273 ;
274 [label=<gini = 0.0<br/>samples = 1<br/>value = [1, 0]<br/>class = Good>, fillcolor="#e58139ff"] ;
273 -> 274 ;
275 [label=<gini = 0.0<br/>samples = 2<br/>value = [0, 2]<br/>class = Bad>, fillcolor="#399de5ff"] ;
273 -> 275 ;
276 [label=<gini = 0.0<br/>samples = 4<br/>value = [4, 0]<br/>class = Good>, fillcolor="#e58139ff"] ;
272 -> 276 ;
277 [label=<Number of existing credits at this bank &le; 0.5<br/>gini = 0.48<br/>samples = 20<br/>value = [12, 8]<br/>class = Good>, fillcolor="#e5813955"] ;
267 -> 277 ;
278 [label=<Other debtors / guarantors &le; 34.5<br/>gini = 0.3911<br/>samples = 15<br/>value = [11, 4]<br/>class = Good>, fillcolor="#e58139a2"] ;
277 -> 278 ;
279 [label=<Credit amount &le; 79.0<br/>gini = 0.2604<br/>samples = 13<br/>value = [11, 2]<br/>class = Good>, fillcolor="#e58139d1"] ;
278 -> 279 ;
280 [label=<gini = 0.0<br/>samples = 10<br/>value = [10, 0]<br/>class = Good>, fillcolor="#e58139ff"] ;
279 -> 280 ;
281 [label=<Other debtors / guarantors &le; 29.0<br/>gini = 0.4444<br/>samples = 3<br/>value = [1, 2]<br/>class = Bad>, fillcolor="#399de57f"] ;
279 -> 281 ;
282 [label=<gini = 0.0<br/>samples = 2<br/>value = [0, 2]<br/>class = Bad>, fillcolor="#399de5ff"] ;
281 -> 282 ;
283 [label=<gini = 0.0<br/>samples = 1<br/>value = [1, 0]<br/>class = Good>, fillcolor="#e58139ff"] ;
281 -> 283 ;
284 [label=<gini = 0.0<br/>samples = 2<br/>value = [0, 2]<br/>class = Bad>, fillcolor="#399de5ff"] ;
278 -> 284 ;
285 [label=<Duration in month &le; 15.0<br/>gini = 0.32<br/>samples = 5<br/>value = [1, 4]<br/>class = Bad>, fillcolor="#399de5bf"] ;
277 -> 285 ;
286 [label=<gini = 0.0<br/>samples = 1<br/>value = [1, 0]<br/>class = Good>, fillcolor="#e58139ff"] ;
285 -> 286 ;
287 [label=<gini = 0.0<br/>samples = 4<br/>value = [0, 4]<br/>class = Bad>, fillcolor="#399de5ff"] ;
285 -> 287 ;
288 [label=<Duration in month &le; 9.0<br/>gini = 0.4688<br/>samples = 16<br/>value = [6, 10]<br/>class = Bad>, fillcolor="#399de566"] ;
266 -> 288 ;
289 [label=<gini = 0.0<br/>samples = 2<br/>value = [2, 0]<br/>class = Good>, fillcolor="#e58139ff"] ;
288 -> 289 ;
290 [label=<Installment rate in percentage of disposable income &le; 2.5<br/>gini = 0.4082<br/>samples = 14<br/>value = [4, 10]<br/>class = Bad>, fillcolor="#399de599"] ;
288 -> 290 ;
291 [label=<gini = 0.0<br/>samples = 6<br/>value = [0, 6]<br/>class = Bad>, fillcolor="#399de5ff"] ;
290 -> 291 ;
292 [label=<Personal status and sex &le; 3.5<br/>gini = 0.5<br/>samples = 8<br/>value = [4, 4]<br/>class = Good>, fillcolor="#e5813900"] ;
290 -> 292 ;
293 [label=<___ &le; 0.5<br/>gini = 0.32<br/>samples = 5<br/>value = [4, 1]<br/>class = Good>, fillcolor="#e58139bf"] ;
292 -> 293 ;
294 [label=<gini = 0.0<br/>samples = 4<br/>value = [4, 0]<br/>class = Good>, fillcolor="#e58139ff"] ;
293 -> 294 ;
295 [label=<gini = 0.0<br/>samples = 1<br/>value = [0, 1]<br/>class = Bad>, fillcolor="#399de5ff"] ;
293 -> 295 ;
296 [label=<gini = 0.0<br/>samples = 3<br/>value = [0, 3]<br/>class = Bad>, fillcolor="#399de5ff"] ;
292 -> 296 ;
297 [label=<Personal status and sex &le; 1.5<br/>gini = 0.1107<br/>samples = 17<br/>value = [16, 1]<br/>class = Good>, fillcolor="#e58139ef"] ;
265 -> 297 ;
298 [label=<gini = 0.0<br/>samples = 1<br/>value = [0, 1]<br/>class = Bad>, fillcolor="#399de5ff"] ;
297 -> 298 ;
299 [label=<gini = 0.0<br/>samples = 16<br/>value = [16, 0]<br/>class = Good>, fillcolor="#e58139ff"] ;
297 -> 299 ;
300 [label=<Savings account/bonds &le; 2.5<br/>gini = 0.1796<br/>samples = 381<br/>value = [343, 38]<br/>class = Good>, fillcolor="#e58139e3"] ;
264 -> 300 ;
301 [label=<Credit amount &le; 67.0<br/>gini = 0.3343<br/>samples = 66<br/>value = [52, 14]<br/>class = Good>, fillcolor="#e58139ba"] ;
300 -> 301 ;
302 [label=<Telephone &le; 0.5<br/>gini = 0.2706<br/>samples = 62<br/>value = [52, 10]<br/>class = Good>, fillcolor="#e58139ce"] ;
301 -> 302 ;
303 [label=<Credit history &le; 1.5<br/>gini = 0.2091<br/>samples = 59<br/>value = [52, 7]<br/>class = Good>, fillcolor="#e58139dd"] ;
302 -> 303 ;
304 [label=<Credit amount &le; 38.0<br/>gini = 0.4444<br/>samples = 3<br/>value = [1, 2]<br/>class = Bad>, fillcolor="#399de57f"] ;
303 -> 304 ;
305 [label=<gini = 0.0<br/>samples = 2<br/>value = [0, 2]<br/>class = Bad>, fillcolor="#399de5ff"] ;
304 -> 305 ;
306 [label=<gini = 0.0<br/>samples = 1<br/>value = [1, 0]<br/>class = Good>, fillcolor="#e58139ff"] ;
304 -> 306 ;
307 [label=<Credit amount &le; 56.5<br/>gini = 0.1626<br/>samples = 56<br/>value = [51, 5]<br/>class = Good>, fillcolor="#e58139e6"] ;
303 -> 307 ;
308 [label=<Credit amount &le; 17.0<br/>gini = 0.1349<br/>samples = 55<br/>value = [51, 4]<br/>class = Good>, fillcolor="#e58139eb"] ;
307 -> 308 ;
309 [label=<gini = 0.0<br/>samples = 25<br/>value = [25, 0]<br/>class = Good>, fillcolor="#e58139ff"] ;
308 -> 309 ;
310 [label=<Duration in month &le; 7.5<br/>gini = 0.2311<br/>samples = 30<br/>value = [26, 4]<br/>class = Good>, fillcolor="#e58139d8"] ;
308 -> 310 ;
311 [label=<gini = 0.0<br/>samples = 1<br/>value = [0, 1]<br/>class = Bad>, fillcolor="#399de5ff"] ;
310 -> 311 ;
312 [label=<Credit amount &le; 20.0<br/>gini = 0.1855<br/>samples = 29<br/>value = [26, 3]<br/>class = Good>, fillcolor="#e58139e2"] ;
310 -> 312 ;
313 [label=<gini = 0.0<br/>samples = 1<br/>value = [0, 1]<br/>class = Bad>, fillcolor="#399de5ff"] ;
312 -> 313 ;
314 [label=<Status of existing checking account &le; 3.5<br/>gini = 0.1327<br/>samples = 28<br/>value = [26, 2]<br/>class = Good>, fillcolor="#e58139eb"] ;
312 -> 314 ;
315 [label=<Credit amount &le; 30.0<br/>gini = 0.5<br/>samples = 4<br/>value = [2, 2]<br/>class = Good>, fillcolor="#e5813900"] ;
314 -> 315 ;
316 [label=<gini = 0.0<br/>samples = 2<br/>value = [0, 2]<br/>class = Bad>, fillcolor="#399de5ff"] ;
315 -> 316 ;
317 [label=<gini = 0.0<br/>samples = 2<br/>value = [2, 0]<br/>class = Good>, fillcolor="#e58139ff"] ;
315 -> 317 ;
318 [label=<gini = 0.0<br/>samples = 24<br/>value = [24, 0]<br/>class = Good>, fillcolor="#e58139ff"] ;
314 -> 318 ;
319 [label=<gini = 0.0<br/>samples = 1<br/>value = [0, 1]<br/>class = Bad>, fillcolor="#399de5ff"] ;
307 -> 319 ;
320 [label=<gini = 0.0<br/>samples = 3<br/>value = [0, 3]<br/>class = Bad>, fillcolor="#399de5ff"] ;
302 -> 320 ;
321 [label=<gini = 0.0<br/>samples = 4<br/>value = [0, 4]<br/>class = Bad>, fillcolor="#399de5ff"] ;
301 -> 321 ;
322 [label=<Other debtors / guarantors &le; 30.5<br/>gini = 0.1408<br/>samples = 315<br/>value = [291, 24]<br/>class = Good>, fillcolor="#e58139ea"] ;
300 -> 322 ;
323 [label=<Property &le; 2.5<br/>gini = 0.2349<br/>samples = 103<br/>value = [89, 14]<br/>class = Good>, fillcolor="#e58139d7"] ;
322 -> 323 ;
324 [label=<____ &le; 0.5<br/>gini = 0.2224<br/>samples = 102<br/>value = [89, 13]<br/>class = Good>, fillcolor="#e58139da"] ;
323 -> 324 ;
325 [label=<Credit amount &le; 13.5<br/>gini = 0.42<br/>samples = 20<br/>value = [14, 6]<br/>class = Good>, fillcolor="#e5813992"] ;
324 -> 325 ;
326 [label=<Credit amount &le; 9.5<br/>gini = 0.48<br/>samples = 5<br/>value = [2, 3]<br/>class = Bad>, fillcolor="#399de555"] ;
325 -> 326 ;
327 [label=<Status of existing checking account &le; 3.5<br/>gini = 0.4444<br/>samples = 3<br/>value = [2, 1]<br/>class = Good>, fillcolor="#e581397f"] ;
326 -> 327 ;
328 [label=<gini = 0.0<br/>samples = 1<br/>value = [0, 1]<br/>class = Bad>, fillcolor="#399de5ff"] ;
327 -> 328 ;
329 [label=<gini = 0.0<br/>samples = 2<br/>value = [2, 0]<br/>class = Good>, fillcolor="#e58139ff"] ;
327 -> 329 ;
330 [label=<gini = 0.0<br/>samples = 2<br/>value = [0, 2]<br/>class = Bad>, fillcolor="#399de5ff"] ;
326 -> 330 ;
331 [label=<Duration in month &le; 33.0<br/>gini = 0.32<br/>samples = 15<br/>value = [12, 3]<br/>class = Good>, fillcolor="#e58139bf"] ;
325 -> 331 ;
332 [label=<Personal status and sex &le; 3.5<br/>gini = 0.1528<br/>samples = 12<br/>value = [11, 1]<br/>class = Good>, fillcolor="#e58139e8"] ;
331 -> 332 ;
333 [label=<gini = 0.0<br/>samples = 11<br/>value = [11, 0]<br/>class = Good>, fillcolor="#e58139ff"] ;
332 -> 333 ;
334 [label=<gini = 0.0<br/>samples = 1<br/>value = [0, 1]<br/>class = Bad>, fillcolor="#399de5ff"] ;
332 -> 334 ;
335 [label=<Job &le; 0.5<br/>gini = 0.4444<br/>samples = 3<br/>value = [1, 2]<br/>class = Bad>, fillcolor="#399de57f"] ;
331 -> 335 ;
336 [label=<gini = 0.0<br/>samples = 2<br/>value = [0, 2]<br/>class = Bad>, fillcolor="#399de5ff"] ;
335 -> 336 ;
337 [label=<gini = 0.0<br/>samples = 1<br/>value = [1, 0]<br/>class = Good>, fillcolor="#e58139ff"] ;
335 -> 337 ;
338 [label=<Other debtors / guarantors &le; 22.5<br/>gini = 0.1562<br/>samples = 82<br/>value = [75, 7]<br/>class = Good>, fillcolor="#e58139e7"] ;
324 -> 338 ;
339 [label=<Other debtors / guarantors &le; 21.5<br/>gini = 0.3967<br/>samples = 11<br/>value = [8, 3]<br/>class = Good>, fillcolor="#e581399f"] ;
338 -> 339 ;
340 [label=<Personal status and sex &le; 1.5<br/>gini = 0.1975<br/>samples = 9<br/>value = [8, 1]<br/>class = Good>, fillcolor="#e58139df"] ;
339 -> 340 ;
341 [label=<_ &le; 0.5<br/>gini = 0.5<br/>samples = 2<br/>value = [1, 1]<br/>class = Good>, fillcolor="#e5813900"] ;
340 -> 341 ;
342 [label=<gini = 0.0<br/>samples = 1<br/>value = [0, 1]<br/>class = Bad>, fillcolor="#399de5ff"] ;
341 -> 342 ;
343 [label=<gini = 0.0<br/>samples = 1<br/>value = [1, 0]<br/>class = Good>, fillcolor="#e58139ff"] ;
341 -> 343 ;
344 [label=<gini = 0.0<br/>samples = 7<br/>value = [7, 0]<br/>class = Good>, fillcolor="#e58139ff"] ;
340 -> 344 ;
345 [label=<gini = 0.0<br/>samples = 2<br/>value = [0, 2]<br/>class = Bad>, fillcolor="#399de5ff"] ;
339 -> 345 ;
346 [label=<Savings account/bonds &le; 3.5<br/>gini = 0.1063<br/>samples = 71<br/>value = [67, 4]<br/>class = Good>, fillcolor="#e58139f0"] ;
338 -> 346 ;
347 [label=<Other debtors / guarantors &le; 29.5<br/>gini = 0.1653<br/>samples = 44<br/>value = [40, 4]<br/>class = Good>, fillcolor="#e58139e6"] ;
346 -> 347 ;
348 [label=<Property &le; 1.5<br/>gini = 0.1356<br/>samples = 41<br/>value = [38, 3]<br/>class = Good>, fillcolor="#e58139eb"] ;
347 -> 348 ;
349 [label=<Personal status and sex &le; 1.5<br/>gini = 0.2041<br/>samples = 26<br/>value = [23, 3]<br/>class = Good>, fillcolor="#e58139de"] ;
348 -> 349 ;
350 [label=<gini = 0.0<br/>samples = 11<br/>value = [11, 0]<br/>class = Good>, fillcolor="#e58139ff"] ;
349 -> 350 ;
351 [label=<Other debtors / guarantors &le; 25.5<br/>gini = 0.32<br/>samples = 15<br/>value = [12, 3]<br/>class = Good>, fillcolor="#e58139bf"] ;
349 -> 351 ;
352 [label=<gini = 0.0<br/>samples = 6<br/>value = [6, 0]<br/>class = Good>, fillcolor="#e58139ff"] ;
351 -> 352 ;
353 [label=<Installment rate in percentage of disposable income &le; 2.5<br/>gini = 0.4444<br/>samples = 9<br/>value = [6, 3]<br/>class = Good>, fillcolor="#e581397f"] ;
351 -> 353 ;
354 [label=<Other debtors / guarantors &le; 27.0<br/>gini = 0.5<br/>samples = 6<br/>value = [3, 3]<br/>class = Good>, fillcolor="#e5813900"] ;
353 -> 354 ;
355 [label=<gini = 0.0<br/>samples = 2<br/>value = [0, 2]<br/>class = Bad>, fillcolor="#399de5ff"] ;
354 -> 355 ;
356 [label=<Credit history &le; 2.5<br/>gini = 0.375<br/>samples = 4<br/>value = [3, 1]<br/>class = Good>, fillcolor="#e58139aa"] ;
354 -> 356 ;
357 [label=<gini = 0.0<br/>samples = 2<br/>value = [2, 0]<br/>class = Good>, fillcolor="#e58139ff"] ;
356 -> 357 ;
358 [label=<Credit amount &le; 27.5<br/>gini = 0.5<br/>samples = 2<br/>value = [1, 1]<br/>class = Good>, fillcolor="#e5813900"] ;
356 -> 358 ;
359 [label=<gini = 0.0<br/>samples = 1<br/>value = [0, 1]<br/>class = Bad>, fillcolor="#399de5ff"] ;
358 -> 359 ;
360 [label=<gini = 0.0<br/>samples = 1<br/>value = [1, 0]<br/>class = Good>, fillcolor="#e58139ff"] ;
358 -> 360 ;
361 [label=<gini = 0.0<br/>samples = 3<br/>value = [3, 0]<br/>class = Good>, fillcolor="#e58139ff"] ;
353 -> 361 ;
362 [label=<gini = 0.0<br/>samples = 15<br/>value = [15, 0]<br/>class = Good>, fillcolor="#e58139ff"] ;
348 -> 362 ;
363 [label=<Present employment since &le; 2.5<br/>gini = 0.4444<br/>samples = 3<br/>value = [2, 1]<br/>class = Good>, fillcolor="#e581397f"] ;
347 -> 363 ;
364 [label=<gini = 0.0<br/>samples = 1<br/>value = [0, 1]<br/>class = Bad>, fillcolor="#399de5ff"] ;
363 -> 364 ;
365 [label=<gini = 0.0<br/>samples = 2<br/>value = [2, 0]<br/>class = Good>, fillcolor="#e58139ff"] ;
363 -> 365 ;
366 [label=<gini = 0.0<br/>samples = 27<br/>value = [27, 0]<br/>class = Good>, fillcolor="#e58139ff"] ;
346 -> 366 ;
367 [label=<gini = 0.0<br/>samples = 1<br/>value = [0, 1]<br/>class = Bad>, fillcolor="#399de5ff"] ;
323 -> 367 ;
368 [label=<Other debtors / guarantors &le; 65.5<br/>gini = 0.0899<br/>samples = 212<br/>value = [202, 10]<br/>class = Good>, fillcolor="#e58139f2"] ;
322 -> 368 ;
369 [label=<Status of existing checking account &le; 3.5<br/>gini = 0.0743<br/>samples = 207<br/>value = [199, 8]<br/>class = Good>, fillcolor="#e58139f5"] ;
368 -> 369 ;
370 [label=<Age &le; 1.5<br/>gini = 0.2188<br/>samples = 24<br/>value = [21, 3]<br/>class = Good>, fillcolor="#e58139db"] ;
369 -> 370 ;
371 [label=<Purpose &le; 4.5<br/>gini = 0.0907<br/>samples = 21<br/>value = [20, 1]<br/>class = Good>, fillcolor="#e58139f2"] ;
370 -> 371 ;
372 [label=<gini = 0.0<br/>samples = 17<br/>value = [17, 0]<br/>class = Good>, fillcolor="#e58139ff"] ;
371 -> 372 ;
373 [label=<_ &le; 0.5<br/>gini = 0.375<br/>samples = 4<br/>value = [3, 1]<br/>class = Good>, fillcolor="#e58139aa"] ;
371 -> 373 ;
374 [label=<gini = 0.0<br/>samples = 1<br/>value = [0, 1]<br/>class = Bad>, fillcolor="#399de5ff"] ;
373 -> 374 ;
375 [label=<gini = 0.0<br/>samples = 3<br/>value = [3, 0]<br/>class = Good>, fillcolor="#e58139ff"] ;
373 -> 375 ;
376 [label=<____ &le; 0.5<br/>gini = 0.4444<br/>samples = 3<br/>value = [1, 2]<br/>class = Bad>, fillcolor="#399de57f"] ;
370 -> 376 ;
377 [label=<gini = 0.0<br/>samples = 2<br/>value = [0, 2]<br/>class = Bad>, fillcolor="#399de5ff"] ;
376 -> 377 ;
378 [label=<gini = 0.0<br/>samples = 1<br/>value = [1, 0]<br/>class = Good>, fillcolor="#e58139ff"] ;
376 -> 378 ;
379 [label=<Credit history &le; 3.5<br/>gini = 0.0532<br/>samples = 183<br/>value = [178, 5]<br/>class = Good>, fillcolor="#e58139f8"] ;
369 -> 379 ;
380 [label=<Property &le; 1.5<br/>gini = 0.0997<br/>samples = 95<br/>value = [90, 5]<br/>class = Good>, fillcolor="#e58139f1"] ;
379 -> 380 ;
381 [label=<Credit amount &le; 42.5<br/>gini = 0.027<br/>samples = 73<br/>value = [72, 1]<br/>class = Good>, fillcolor="#e58139fb"] ;
380 -> 381 ;
382 [label=<gini = 0.0<br/>samples = 60<br/>value = [60, 0]<br/>class = Good>, fillcolor="#e58139ff"] ;
381 -> 382 ;
383 [label=<Credit amount &le; 46.5<br/>gini = 0.142<br/>samples = 13<br/>value = [12, 1]<br/>class = Good>, fillcolor="#e58139ea"] ;
381 -> 383 ;
384 [label=<gini = 0.0<br/>samples = 1<br/>value = [0, 1]<br/>class = Bad>, fillcolor="#399de5ff"] ;
383 -> 384 ;
385 [label=<gini = 0.0<br/>samples = 12<br/>value = [12, 0]<br/>class = Good>, fillcolor="#e58139ff"] ;
383 -> 385 ;
386 [label=<Other debtors / guarantors &le; 46.0<br/>gini = 0.2975<br/>samples = 22<br/>value = [18, 4]<br/>class = Good>, fillcolor="#e58139c6"] ;
380 -> 386 ;
387 [label=<Other debtors / guarantors &le; 31.5<br/>gini = 0.1244<br/>samples = 15<br/>value = [14, 1]<br/>class = Good>, fillcolor="#e58139ed"] ;
386 -> 387 ;
388 [label=<Savings account/bonds &le; 4.5<br/>gini = 0.4444<br/>samples = 3<br/>value = [2, 1]<br/>class = Good>, fillcolor="#e581397f"] ;
387 -> 388 ;
389 [label=<gini = 0.0<br/>samples = 2<br/>value = [2, 0]<br/>class = Good>, fillcolor="#e58139ff"] ;
388 -> 389 ;
390 [label=<gini = 0.0<br/>samples = 1<br/>value = [0, 1]<br/>class = Bad>, fillcolor="#399de5ff"] ;
388 -> 390 ;
391 [label=<gini = 0.0<br/>samples = 12<br/>value = [12, 0]<br/>class = Good>, fillcolor="#e58139ff"] ;
387 -> 391 ;
392 [label=<____ &le; 0.5<br/>gini = 0.4898<br/>samples = 7<br/>value = [4, 3]<br/>class = Good>, fillcolor="#e5813940"] ;
386 -> 392 ;
393 [label=<gini = 0.0<br/>samples = 2<br/>value = [0, 2]<br/>class = Bad>, fillcolor="#399de5ff"] ;
392 -> 393 ;
394 [label=<Duration in month &le; 16.5<br/>gini = 0.32<br/>samples = 5<br/>value = [4, 1]<br/>class = Good>, fillcolor="#e58139bf"] ;
392 -> 394 ;
395 [label=<gini = 0.0<br/>samples = 1<br/>value = [0, 1]<br/>class = Bad>, fillcolor="#399de5ff"] ;
394 -> 395 ;
396 [label=<gini = 0.0<br/>samples = 4<br/>value = [4, 0]<br/>class = Good>, fillcolor="#e58139ff"] ;
394 -> 396 ;
397 [label=<gini = 0.0<br/>samples = 88<br/>value = [88, 0]<br/>class = Good>, fillcolor="#e58139ff"] ;
379 -> 397 ;
398 [label=<Other debtors / guarantors &le; 71.0<br/>gini = 0.48<br/>samples = 5<br/>value = [3, 2]<br/>class = Good>, fillcolor="#e5813955"] ;
368 -> 398 ;
399 [label=<gini = 0.0<br/>samples = 2<br/>value = [0, 2]<br/>class = Bad>, fillcolor="#399de5ff"] ;
398 -> 399 ;
400 [label=<gini = 0.0<br/>samples = 3<br/>value = [3, 0]<br/>class = Good>, fillcolor="#e58139ff"] ;
398 -> 400 ;
}