digraph Tree {
node [shape=box, style="filled, rounded", color="black", fontname=helvetica] ;
edge [fontname=helvetica] ;
0 [label=<Status of existing checking account &le; 2.5<br/>gini = 0.42<br/>samples = 1000<br/>value = [700, 300]<br/>class = Good>, fillcolor="#e5813992"] ;
1 [label=<Duration in month &le; 22.5<br/>gini = 0.4933<br/>samples = 543<br/>value = [303, 240]<br/>class = Good>, fillcolor="#e5813935"] ;
0 -> 1 [labeldistance=2.5, labelangle=45, headlabel="True"] ;
2 [label=<Credit history &le; 1.5<br/>gini = 0.4528<br/>samples = 306<br/>value = [200, 106]<br/>class = Good>, fillcolor="#e5813978"] ;
1 -> 2 ;
3 [label=<Other installment plans &le; 1.5<br/>gini = 0.375<br/>samples = 28<br/>value = [7, 21]<br/>class = Bad>, fillcolor="#399de5aa"] ;
2 -> 3 ;
4 [label="(...)", fillcolor="#C0C0C0"] ;
3 -> 4 ;
9 [label="(...)", fillcolor="#C0C0C0"] ;
3 -> 9 ;
14 [label=<Credit amount &le; 87.5<br/>gini = 0.4245<br/>samples = 278<br/>value = [193, 85]<br/>class = Good>, fillcolor="#e581398f"] ;
2 -> 14 ;
15 [label="(...)", fillcolor="#C0C0C0"] ;
14 -> 15 ;
138 [label="(...)", fillcolor="#C0C0C0"] ;
14 -> 138 ;
139 [label=<Purpose &le; 3.5<br/>gini = 0.4914<br/>samples = 237<br/>value = [103, 134]<br/>class = Bad>, fillcolor="#399de53b"] ;
1 -> 139 ;
140 [label=<Duration in month &le; 47.5<br/>gini = 0.47<br/>samples = 196<br/>value = [74, 122]<br/>class = Bad>, fillcolor="#399de564"] ;
139 -> 140 ;
141 [label="(...)", fillcolor="#C0C0C0"] ;
140 -> 141 ;
236 [label="(...)", fillcolor="#C0C0C0"] ;
140 -> 236 ;
247 [label=<Status of existing checking account &le; 1.5<br/>gini = 0.414<br/>samples = 41<br/>value = [29, 12]<br/>class = Good>, fillcolor="#e5813995"] ;
139 -> 247 ;
248 [label="(...)", fillcolor="#C0C0C0"] ;
247 -> 248 ;
257 [label="(...)", fillcolor="#C0C0C0"] ;
247 -> 257 ;
264 [label=<Present residence since &le; 2.5<br/>gini = 0.2281<br/>samples = 457<br/>value = [397, 60]<br/>class = Good>, fillcolor="#e58139d8"] ;
0 -> 264 [labeldistance=2.5, labelangle=-45, headlabel="False"] ;
265 [label=<Other debtors / guarantors &le; 44.5<br/>gini = 0.4114<br/>samples = 76<br/>value = [54, 22]<br/>class = Good>, fillcolor="#e5813997"] ;
264 -> 265 ;
266 [label=<Other debtors / guarantors &le; 36.5<br/>gini = 0.4585<br/>samples = 59<br/>value = [38, 21]<br/>class = Good>, fillcolor="#e5813972"] ;
265 -> 266 ;
267 [label="(...)", fillcolor="#C0C0C0"] ;
266 -> 267 ;
288 [label="(...)", fillcolor="#C0C0C0"] ;
266 -> 288 ;
297 [label=<Personal status and sex &le; 1.5<br/>gini = 0.1107<br/>samples = 17<br/>value = [16, 1]<br/>class = Good>, fillcolor="#e58139ef"] ;
265 -> 297 ;
298 [label="(...)", fillcolor="#C0C0C0"] ;
297 -> 298 ;
299 [label="(...)", fillcolor="#C0C0C0"] ;
297 -> 299 ;
300 [label=<Savings account/bonds &le; 2.5<br/>gini = 0.1796<br/>samples = 381<br/>value = [343, 38]<br/>class = Good>, fillcolor="#e58139e3"] ;
264 -> 300 ;
301 [label=<Credit amount &le; 67.0<br/>gini = 0.3343<br/>samples = 66<br/>value = [52, 14]<br/>class = Good>, fillcolor="#e58139ba"] ;
300 -> 301 ;
302 [label="(...)", fillcolor="#C0C0C0"] ;
301 -> 302 ;
321 [label="(...)", fillcolor="#C0C0C0"] ;
301 -> 321 ;
322 [label=<Other debtors / guarantors &le; 30.5<br/>gini = 0.1408<br/>samples = 315<br/>value = [291, 24]<br/>class = Good>, fillcolor="#e58139ea"] ;
300 -> 322 ;
323 [label="(...)", fillcolor="#C0C0C0"] ;
322 -> 323 ;
368 [label="(...)", fillcolor="#C0C0C0"] ;
322 -> 368 ;
}